Started GET "/" for ::1 at 2023-03-30 23:43:09 +0800
Processing by HomeController#index as HTML
  Rendering layout layouts/application.html.erb
  Rendering home/index.html.erb within layouts/application
  Rendered home/index.html.erb within layouts/application (Duration: 5.1ms | Allocations: 516)
  Rendered home/_header.html.erb (Duration: 4.3ms | Allocations: 329)
  Rendered home/_footer.html.erb (Duration: 5.9ms | Allocations: 203)
  Rendered layout layouts/application.html.erb (Duration: 20.4ms | Allocations: 1635)
Completed 200 OK in 51ms (Views: 30.5ms | ActiveRecord: 0.0ms | Allocations: 6761)


Started GET "/" for ::1 at 2023-03-30 23:45:12 +0800
Processing by HomeController#index as HTML
  Rendering layout layouts/application.html.erb
  Rendering home/index.html.erb within layouts/application
  Rendered home/index.html.erb within layouts/application (Duration: 1.3ms | Allocations: 387)
  Rendered home/_header.html.erb (Duration: 0.5ms | Allocations: 329)
  Rendered home/_footer.html.erb (Duration: 0.4ms | Allocations: 203)
  Rendered layout layouts/application.html.erb (Duration: 3.8ms | Allocations: 1506)
Completed 200 OK in 19ms (Views: 9.2ms | ActiveRecord: 0.0ms | Allocations: 5179)


Started GET "/" for ::1 at 2023-03-30 23:45:12 +0800
Processing by HomeController#index as HTML
  Rendering layout layouts/application.html.erb
  Rendering home/index.html.erb within layouts/application
  Rendered home/index.html.erb within layouts/application (Duration: 0.0ms | Allocations: 9)
  Rendered home/_header.html.erb (Duration: 0.1ms | Allocations: 84)
  Rendered home/_footer.html.erb (Duration: 0.0ms | Allocations: 44)
  Rendered layout layouts/application.html.erb (Duration: 0.9ms | Allocations: 341)
Completed 200 OK in 2ms (Views: 1.3ms | ActiveRecord: 0.0ms | Allocations: 686)


  [1m[35m (145.5ms)[0m  [1m[35mCREATE TABLE "schema_migrations" ("version" varchar NOT NULL PRIMARY KEY)[0m
  [1m[35m (172.1ms)[0m  [1m[35mCREATE TABLE "ar_internal_metadata" ("key" varchar NOT NULL PRIMARY KEY, "value" varchar, "created_at" datetime(6) NOT NULL, "updated_at" datetime(6) NOT NULL)[0m
  [1m[36mActiveRecord::SchemaMigration Pluck (0.1ms)[0m  [1m[34mSELECT "schema_migrations"."version" FROM "schema_migrations" ORDER BY "schema_migrations"."version" ASC[0m
Migrating to CreateProjects (20230330155351)
  [1m[36mTRANSACTION (0.0ms)[0m  [1m[36mbegin transaction[0m
  [1m[35m (0.5ms)[0m  [1m[35mCREATE TABLE "projects" ("id" integer PRIMARY KEY AUTOINCREMENT NOT NULL, "name" varchar, "description" text, "link" varchar, "created_at" datetime(6) NOT NULL, "updated_at" datetime(6) NOT NULL)[0m
  [1m[36mActiveRecord::SchemaMigration Create (0.1ms)[0m  [1m[32mINSERT INTO "schema_migrations" ("version") VALUES (?)[0m  [["version", "20230330155351"]]
  [1m[36mTRANSACTION (95.6ms)[0m  [1m[36mcommit transaction[0m
  [1m[36mActiveRecord::InternalMetadata Load (0.1ms)[0m  [1m[34mSELECT "ar_internal_metadata".* FROM "ar_internal_metadata" WHERE "ar_internal_metadata"."key" = ? LIMIT ?[0m  [["key", "environment"], ["LIMIT", 1]]
  [1m[36mTRANSACTION (0.0ms)[0m  [1m[36mbegin transaction[0m
  [1m[36mActiveRecord::InternalMetadata Create (0.9ms)[0m  [1m[32mINSERT INTO "ar_internal_metadata" ("key", "value", "created_at", "updated_at") VALUES (?, ?, ?, ?)[0m  [["key", "environment"], ["value", "development"], ["created_at", "2023-03-30 15:54:25.755694"], ["updated_at", "2023-03-30 15:54:25.755694"]]
  [1m[36mTRANSACTION (114.6ms)[0m  [1m[36mcommit transaction[0m
  [1m[36mActiveRecord::SchemaMigration Pluck (0.1ms)[0m  [1m[34mSELECT "schema_migrations"."version" FROM "schema_migrations" ORDER BY "schema_migrations"."version" ASC[0m
Started GET "/" for ::1 at 2023-03-30 23:58:38 +0800
  [1m[36mActiveRecord::SchemaMigration Pluck (0.1ms)[0m  [1m[34mSELECT "schema_migrations"."version" FROM "schema_migrations" ORDER BY "schema_migrations"."version" ASC[0m
Processing by HomeController#index as HTML
  Rendering layout layouts/application.html.erb
  Rendering home/index.html.erb within layouts/application
  Rendered home/index.html.erb within layouts/application (Duration: 1.3ms | Allocations: 387)
  Rendered home/_header.html.erb (Duration: 0.4ms | Allocations: 329)
  Rendered home/_footer.html.erb (Duration: 0.4ms | Allocations: 203)
  Rendered layout layouts/application.html.erb (Duration: 3.9ms | Allocations: 1504)
Completed 200 OK in 19ms (Views: 9.6ms | ActiveRecord: 0.0ms | Allocations: 5216)


